Added Component: Designator=HC1(HC12RF)
Add component. Clean all parameters for all variants
Added Component: Designator=R7(R 0805 (2012))
Add component. Clean all parameters for all variants
Add component (AddParameter): Name = "LatestRevisionDate"; Value = "17-Jul-2002"; VariantName = "[No Variations]"
Add component (AddParameter): Name = "LatestRevisionNote"; Value = "Re-released for DXP Platform."; VariantName = "[No Variations]"
Add component (AddParameter): Name = "PackageReference"; Value = "AXIAL-0.3"; VariantName = "[No Variations]"
Add component (AddParameter): Name = "Published"; Value = "8-Jun-2000"; VariantName = "[No Variations]"
Add component (AddParameter): Name = "Publisher"; Value = "Altium Limited"; VariantName = "[No Variations]"
Added Component: Designator=R10(R 0805 (2012))
Add component. Clean all parameters for all variants
Add component (AddParameter): Name = "LatestRevisionDate"; Value = "17-Jul-2002"; VariantName = "[No Variations]"
Add component (AddParameter): Name = "LatestRevisionNote"; Value = "Re-released for DXP Platform."; VariantName = "[No Variations]"
Add component (AddParameter): Name = "PackageReference"; Value = "AXIAL-0.3"; VariantName = "[No Variations]"
Add component (AddParameter): Name = "Published"; Value = "8-Jun-2000"; VariantName = "[No Variations]"
Add component (AddParameter): Name = "Publisher"; Value = "Altium Limited"; VariantName = "[No Variations]"
Added Component: Designator=R11(R 0805 (2012))
Add component. Clean all parameters for all variants
Add component (AddParameter): Name = "LatestRevisionDate"; Value = "17-Jul-2002"; VariantName = "[No Variations]"
Add component (AddParameter): Name = "LatestRevisionNote"; Value = "Re-released for DXP Platform."; VariantName = "[No Variations]"
Add component (AddParameter): Name = "PackageReference"; Value = "AXIAL-0.3"; VariantName = "[No Variations]"
Add component (AddParameter): Name = "Published"; Value = "8-Jun-2000"; VariantName = "[No Variations]"
Add component (AddParameter): Name = "Publisher"; Value = "Altium Limited"; VariantName = "[No Variations]"
Added Pin To Net: NetName=VCC Pin=HC1-1
Added Pin To Net: NetName=GND Pin=HC1-2
Added Pin To Net: NetName=NetHC1_3 Pin=HC1-3
Added Pin To Net: NetName=NetHC1_3 Pin=R7-2
Added Net: Name=NetHC1_3
Added Pin To Net: NetName=NetHC1_4 Pin=HC1-4
Added Pin To Net: NetName=NetHC1_4 Pin=R10-2
Added Net: Name=NetHC1_4
Added Pin To Net: NetName=NetHC1_5 Pin=HC1-5
Added Pin To Net: NetName=NetHC1_5 Pin=R11-1
Added Net: Name=NetHC1_5
Added Pin To Net: NetName=SET HC12 Pin=R11-2
Added Pin To Net: NetName=SET HC12 Pin=U1-14
Added Net: Name=SET HC12
Added Pin To Net: NetName=USART2_RX Pin=R10-1
Added Pin To Net: NetName=USART2_RX Pin=U1-13
Added Net: Name=USART2_RX
Added Pin To Net: NetName=USART2_TX Pin=R7-1
Added Pin To Net: NetName=USART2_TX Pin=U1-12
Added Net: Name=USART2_TX
Added Member To Class: ClassName=Led7_Segment_Receive Member=Component C4 100nF
Added Member To Class: ClassName=Led7_Segment_Receive Member=Component HC1 HC12RF
Added Member To Class: ClassName=Led7_Segment_Receive Member=Component R7 1k
Added Member To Class: ClassName=Led7_Segment_Receive Member=Component R10 1k
Added Member To Class: ClassName=Led7_Segment_Receive Member=Component R11 1k
Added Room: Name=Led7_Segment_Receive
