Added Component: Designator=P6(Header 2)
Add component. Clean all parameters for all variants
Add component (AddParameter): Name = "LatestRevisionDate"; Value = "17-Jul-2002"; VariantName = "[No Variations]"
Add component (AddParameter): Name = "LatestRevisionNote"; Value = "Re-released for DXP Platform."; VariantName = "[No Variations]"
Add component (AddParameter): Name = "Publisher"; Value = "Altium Limited"; VariantName = "[No Variations]"
Added Component: Designator=P7(Header 2)
Add component. Clean all parameters for all variants
Add component (AddParameter): Name = "LatestRevisionDate"; Value = "17-Jul-2002"; VariantName = "[No Variations]"
Add component (AddParameter): Name = "LatestRevisionNote"; Value = "Re-released for DXP Platform."; VariantName = "[No Variations]"
Add component (AddParameter): Name = "Publisher"; Value = "Altium Limited"; VariantName = "[No Variations]"
Added Component: Designator=P8(Header 2)
Add component. Clean all parameters for all variants
Add component (AddParameter): Name = "LatestRevisionDate"; Value = "17-Jul-2002"; VariantName = "[No Variations]"
Add component (AddParameter): Name = "LatestRevisionNote"; Value = "Re-released for DXP Platform."; VariantName = "[No Variations]"
Add component (AddParameter): Name = "Publisher"; Value = "Altium Limited"; VariantName = "[No Variations]"
Added Component: Designator=P9(Header 2)
Add component. Clean all parameters for all variants
Add component (AddParameter): Name = "LatestRevisionDate"; Value = "17-Jul-2002"; VariantName = "[No Variations]"
Add component (AddParameter): Name = "LatestRevisionNote"; Value = "Re-released for DXP Platform."; VariantName = "[No Variations]"
Add component (AddParameter): Name = "Publisher"; Value = "Altium Limited"; VariantName = "[No Variations]"
Added Component: Designator=R8(R 0805 (2012))
Add component. Clean all parameters for all variants
Add component (AddParameter): Name = "LatestRevisionDate"; Value = "17-Jul-2002"; VariantName = "[No Variations]"
Add component (AddParameter): Name = "LatestRevisionNote"; Value = "Re-released for DXP Platform."; VariantName = "[No Variations]"
Add component (AddParameter): Name = "PackageReference"; Value = "AXIAL-0.3"; VariantName = "[No Variations]"
Add component (AddParameter): Name = "Published"; Value = "8-Jun-2000"; VariantName = "[No Variations]"
Add component (AddParameter): Name = "Publisher"; Value = "Altium Limited"; VariantName = "[No Variations]"
Added Component: Designator=R9(R 0805 (2012))
Add component. Clean all parameters for all variants
Add component (AddParameter): Name = "LatestRevisionDate"; Value = "17-Jul-2002"; VariantName = "[No Variations]"
Add component (AddParameter): Name = "LatestRevisionNote"; Value = "Re-released for DXP Platform."; VariantName = "[No Variations]"
Add component (AddParameter): Name = "PackageReference"; Value = "AXIAL-0.3"; VariantName = "[No Variations]"
Add component (AddParameter): Name = "Published"; Value = "8-Jun-2000"; VariantName = "[No Variations]"
Add component (AddParameter): Name = "Publisher"; Value = "Altium Limited"; VariantName = "[No Variations]"
Added Component: Designator=R10(R 0805 (2012))
Add component. Clean all parameters for all variants
Add component (AddParameter): Name = "LatestRevisionDate"; Value = "17-Jul-2002"; VariantName = "[No Variations]"
Add component (AddParameter): Name = "LatestRevisionNote"; Value = "Re-released for DXP Platform."; VariantName = "[No Variations]"
Add component (AddParameter): Name = "PackageReference"; Value = "AXIAL-0.3"; VariantName = "[No Variations]"
Add component (AddParameter): Name = "Published"; Value = "8-Jun-2000"; VariantName = "[No Variations]"
Add component (AddParameter): Name = "Publisher"; Value = "Altium Limited"; VariantName = "[No Variations]"
Added Component: Designator=R11(R 0805 (2012))
Add component. Clean all parameters for all variants
Add component (AddParameter): Name = "LatestRevisionDate"; Value = "17-Jul-2002"; VariantName = "[No Variations]"
Add component (AddParameter): Name = "LatestRevisionNote"; Value = "Re-released for DXP Platform."; VariantName = "[No Variations]"
Add component (AddParameter): Name = "PackageReference"; Value = "AXIAL-0.3"; VariantName = "[No Variations]"
Add component (AddParameter): Name = "Published"; Value = "8-Jun-2000"; VariantName = "[No Variations]"
Add component (AddParameter): Name = "Publisher"; Value = "Altium Limited"; VariantName = "[No Variations]"
Added Component: Designator=SW2(SW/4/SMD/SMALL)
Add component. Clean all parameters for all variants
Added Component: Designator=SW3(SW/4/SMD/SMALL)
Add component. Clean all parameters for all variants
Added Component: Designator=SW4(SW/4/SMD/SMALL)
Add component. Clean all parameters for all variants
Added Component: Designator=SW5(SW/4/SMD/SMALL)
Add component. Clean all parameters for all variants
Added Pin To Net: NetName=GND Pin=P6-2
Added Pin To Net: NetName=GND Pin=P7-2
Added Pin To Net: NetName=GND Pin=P8-2
Added Pin To Net: NetName=GND Pin=P9-2
Added Pin To Net: NetName=3V3 Pin=R8-1
Added Pin To Net: NetName=3V3 Pin=R9-1
Added Pin To Net: NetName=3V3 Pin=R10-1
Added Pin To Net: NetName=3V3 Pin=R11-1
Added Pin To Net: NetName=GND Pin=SW2-1
Added Pin To Net: NetName=GND Pin=SW2-4
Added Pin To Net: NetName=GND Pin=SW3-1
Added Pin To Net: NetName=GND Pin=SW3-4
Added Pin To Net: NetName=GND Pin=SW4-1
Added Pin To Net: NetName=GND Pin=SW4-4
Added Pin To Net: NetName=GND Pin=SW5-1
Added Pin To Net: NetName=GND Pin=SW5-4
Added Pin To Net: NetName=BUTTON_DE Pin=P9-1
Added Pin To Net: NetName=BUTTON_DE Pin=R11-2
Added Pin To Net: NetName=BUTTON_DE Pin=SW5-2
Added Pin To Net: NetName=BUTTON_DE Pin=SW5-3
Added Pin To Net: NetName=BUTTON_DE Pin=U9-39
Added Net: Name=BUTTON_DE
Added Pin To Net: NetName=BUTTON_INC Pin=P8-1
Added Pin To Net: NetName=BUTTON_INC Pin=R10-2
Added Pin To Net: NetName=BUTTON_INC Pin=SW4-2
Added Pin To Net: NetName=BUTTON_INC Pin=SW4-3
Added Pin To Net: NetName=BUTTON_INC Pin=U9-20
Added Net: Name=BUTTON_INC
Added Pin To Net: NetName=BUTTON_LED Pin=P6-1
Added Pin To Net: NetName=BUTTON_LED Pin=R8-2
Added Pin To Net: NetName=BUTTON_LED Pin=SW2-2
Added Pin To Net: NetName=BUTTON_LED Pin=SW2-3
Added Pin To Net: NetName=BUTTON_LED Pin=U9-18
Added Net: Name=BUTTON_LED
Added Pin To Net: NetName=BUTTON_MODE Pin=P7-1
Added Pin To Net: NetName=BUTTON_MODE Pin=R9-2
Added Pin To Net: NetName=BUTTON_MODE Pin=SW3-2
Added Pin To Net: NetName=BUTTON_MODE Pin=SW3-3
Added Pin To Net: NetName=BUTTON_MODE Pin=U9-19
Added Net: Name=BUTTON_MODE
Added Member To Class: ClassName=MainBoard Member=Component P6 Header 2
Added Member To Class: ClassName=MainBoard Member=Component P7 Header 2
Added Member To Class: ClassName=MainBoard Member=Component P8 Header 2
Added Member To Class: ClassName=MainBoard Member=Component P9 Header 2
Added Member To Class: ClassName=MainBoard Member=Component R8 10k
Added Member To Class: ClassName=MainBoard Member=Component R9 10k
Added Member To Class: ClassName=MainBoard Member=Component R10 10k
Added Member To Class: ClassName=MainBoard Member=Component R11 10k
Added Member To Class: ClassName=MainBoard Member=Component SW2 Tact Switch
Added Member To Class: ClassName=MainBoard Member=Component SW3 Tact Switch
Added Member To Class: ClassName=MainBoard Member=Component SW4 Tact Switch
Added Member To Class: ClassName=MainBoard Member=Component SW5 Tact Switch
Added Room: Name=MainBoard
